14:47:38 **** Build of configuration Debug for project Headers and Prototypes ****
make all 
Building file: ../src/Headers and Prototypes.cpp
Invoking: Cross G++ Compiler
g++ -O0 -g3 -Wall -c -fmessage-length=0 -MMD -MP -MF"src/Headers and Prototypes.d" -MT"src/Headers\ and\ Prototypes.d" -o "src/Headers and Prototypes.o" "../src/Headers and Prototypes.cpp"
Finished building: ../src/Headers and Prototypes.cpp
 
Building target: Headers and Prototypes
Invoking: Cross G++ Linker
g++  -o "Headers and Prototypes"  ./src/Headers\ and\ Prototypes.o   
Finished building target: Headers and Prototypes
 
14:47:46 **** Incremental Build of configuration Debug for project Headers and Prototypes ****
make all 
Building file: ../src/Headers and Prototypes.cpp
Invoking: Cross G++ Compiler
g++ -O0 -g3 -Wall -c -fmessage-length=0 -MMD -MP -MF"src/Headers and Prototypes.d" -MT"src/Headers\ and\ Prototypes.d" -o "src/Headers and Prototypes.o" "../src/Headers and Prototypes.cpp"
Finished building: ../src/Headers and Prototypes.cpp
 
Building target: Headers and Prototypes
Invoking: Cross G++ Linker
g++  -o "Headers and Prototypes"  ./src/Headers\ and\ Prototypes.o   
Finished building target: Headers and Prototypes
 
14:48:23 **** Incremental Build of configuration Debug for project Headers and Prototypes ****
make all 
Building file: ../src/Headers and Prototypes.cpp
Invoking: Cross G++ Compiler
g++ -O0 -g3 -Wall -c -fmessage-length=0 -MMD -MP -MF"src/Headers and Prototypes.d" -MT"src/Headers\ and\ Prototypes.d" -o "src/Headers and Prototypes.o" "../src/Headers and Prototypes.cpp"
Finished building: ../src/Headers and Prototypes.cpp
 
Building target: Headers and Prototypes
Invoking: Cross G++ Linker
g++  -o "Headers and Prototypes"  ./src/Headers\ and\ Prototypes.o   
Finished building target: Headers and Prototypes
 
14:50:34 **** Incremental Build of configuration Debug for project Headers and Prototypes ****
make all 
Building file: ../src/Headers and Prototypes.cpp
Invoking: Cross G++ Compiler
g++ -O0 -g3 -Wall -c -fmessage-length=0 -MMD -MP -MF"src/Headers and Prototypes.d" -MT"src/Headers\ and\ Prototypes.d" -o "src/Headers and Prototypes.o" "../src/Headers and Prototypes.cpp"
Finished building: ../src/Headers and Prototypes.cpp
 
Building target: Headers and Prototypes
Invoking: Cross G++ Linker
g++  -o "Headers and Prototypes"  ./src/Headers\ and\ Prototypes.o   
Finished building target: Headers and Prototypes
 
14:58:26 **** Build of configuration Debug for project Classes ****
make all 
Building file: ../src/Classes.cpp
Invoking: Cross G++ Compiler
g++ -O0 -g3 -Wall -c -fmessage-length=0 -MMD -MP -MF"src/Classes.d" -MT"src/Classes.d" -o "src/Classes.o" "../src/Classes.cpp"
Finished building: ../src/Classes.cpp
 
Building target: Classes
Invoking: Cross G++ Linker
g++  -o "Classes"  ./src/Classes.o   
Finished building target: Classes
 
15:02:15 **** Incremental Build of configuration Debug for project Classes ****
make all 
Building file: ../src/Cat.cpp
Invoking: Cross G++ Compiler
g++ -O0 -g3 -Wall -c -fmessage-length=0 -MMD -MP -MF"src/Cat.d" -MT"src/Cat.d" -o "src/Cat.o" "../src/Cat.cpp"
Finished building: ../src/Cat.cpp
 
Building file: ../src/Classes.cpp
Invoking: Cross G++ Compiler
g++ -O0 -g3 -Wall -c -fmessage-length=0 -MMD -MP -MF"src/Classes.d" -MT"src/Classes.d" -o "src/Classes.o" "../src/Classes.cpp"
Finished building: ../src/Classes.cpp
 
Building target: Classes
Invoking: Cross G++ Linker
g++  -o "Classes"  ./src/Cat.o ./src/Classes.o   
Finished building target: Classes
 
15:02:48 **** Incremental Build of configuration Debug for project Classes ****
make all 
Building file: ../src/Classes.cpp
Invoking: Cross G++ Compiler
g++ -O0 -g3 -Wall -c -fmessage-length=0 -MMD -MP -MF"src/Classes.d" -MT"src/Classes.d" -o "src/Classes.o" "../src/Classes.cpp"
Finished building: ../src/Classes.cpp
 
Building target: Classes
Invoking: Cross G++ Linker
g++  -o "Classes"  ./src/Cat.o ./src/Classes.o   
Finished building target: Classes
 
15:04:41 **** Incremental Build of configuration Debug for project Classes ****
make all 
Building file: ../src/Cat.cpp
Invoking: Cross G++ Compiler
g++ -O0 -g3 -Wall -c -fmessage-length=0 -MMD -MP -MF"src/Cat.d" -MT"src/Cat.d" -o "src/Cat.o" "../src/Cat.cpp"
Finished building: ../src/Cat.cpp
 
Building file: ../src/Classes.cpp
Invoking: Cross G++ Compiler
g++ -O0 -g3 -Wall -c -fmessage-length=0 -MMD -MP -MF"src/Classes.d" -MT"src/Classes.d" -o "src/Classes.o" "../src/Classes.cpp"
Finished building: ../src/Classes.cpp
 
Building target: Classes
Invoking: Cross G++ Linker
g++  -o "Classes"  ./src/Cat.o ./src/Classes.o   
Finished building target: Classes
 
15:08:07 **** Incremental Build of configuration Debug for project Classes ****
make all 
Building file: ../src/Cat.cpp
Invoking: Cross G++ Compiler
g++ -O0 -g3 -Wall -c -fmessage-length=0 -MMD -MP -MF"src/Cat.d" -MT"src/Cat.d" -o "src/Cat.o" "../src/Cat.cpp"
Finished building: ../src/Cat.cpp
 
Building file: ../src/Classes.cpp
Invoking: Cross G++ Compiler
g++ -O0 -g3 -Wall -c -fmessage-length=0 -MMD -MP -MF"src/Classes.d" -MT"src/Classes.d" -o "src/Classes.o" "../src/Classes.cpp"
Finished building: ../src/Classes.cpp
 
Building target: Classes
Invoking: Cross G++ Linker
g++  -o "Classes"  ./src/Cat.o ./src/Classes.o   
Finished building target: Classes
 
15:11:36 **** Build of configuration Debug for project Data Members ****
make all 
Building file: ../src/Data Members.cpp
Invoking: Cross G++ Compiler
g++ -O0 -g3 -Wall -c -fmessage-length=0 -MMD -MP -MF"src/Data Members.d" -MT"src/Data\ Members.d" -o "src/Data Members.o" "../src/Data Members.cpp"
Finished building: ../src/Data Members.cpp
 
Building target: Data Members
Invoking: Cross G++ Linker
g++  -o "Data Members"  ./src/Data\ Members.o   
Finished building target: Data Members
 
15:11:40 **** Incremental Build of configuration Debug for project Data Members ****
make all 
make: Nothing to be done for 'all'.
15:15:58 **** Incremental Build of configuration Debug for project Data Members ****
make all 
Building file: ../src/Cat.cpp
Invoking: Cross G++ Compiler
g++ -O0 -g3 -Wall -c -fmessage-length=0 -MMD -MP -MF"src/Cat.d" -MT"src/Cat.d" -o "src/Cat.o" "../src/Cat.cpp"
../src/Cat.cpp:7:19: fatal error: iosteam: No such file or directory
src/subdir.mk:21: recipe for target 'src/Cat.o' failed
compilation terminated.
make: *** [src/Cat.o] Error 1
15:16:16 **** Incremental Build of configuration Debug for project Data Members ****
make all 
Building file: ../src/Cat.cpp
Invoking: Cross G++ Compiler
g++ -O0 -g3 -Wall -c -fmessage-length=0 -MMD -MP -MF"src/Cat.d" -MT"src/Cat.d" -o "src/Cat.o" "../src/Cat.cpp"
Finished building: ../src/Cat.cpp
 
Building file: ../src/Data Members.cpp
Invoking: Cross G++ Compiler
g++ -O0 -g3 -Wall -c -fmessage-length=0 -MMD -MP -MF"src/Data Members.d" -MT"src/Data\ Members.d" -o "src/Data Members.o" "../src/Data Members.cpp"
Finished building: ../src/Data Members.cpp
 
Building target: Data Members
Invoking: Cross G++ Linker
g++  -o "Data Members"  ./src/Cat.o ./src/Data\ Members.o   
Finished building target: Data Members
 
15:18:03 **** Incremental Build of configuration Debug for project Data Members ****
make all 
Building file: ../src/Cat.cpp
Invoking: Cross G++ Compiler
g++ -O0 -g3 -Wall -c -fmessage-length=0 -MMD -MP -MF"src/Cat.d" -MT"src/Cat.d" -o "src/Cat.o" "../src/Cat.cpp"
Finished building: ../src/Cat.cpp
 
Building file: ../src/Data Members.cpp
Invoking: Cross G++ Compiler
g++ -O0 -g3 -Wall -c -fmessage-length=0 -MMD -MP -MF"src/Data Members.d" -MT"src/Data\ Members.d" -o "src/Data Members.o" "../src/Data Members.cpp"
Finished building: ../src/Data Members.cpp
 
Building target: Data Members
Invoking: Cross G++ Linker
g++  -o "Data Members"  ./src/Cat.o ./src/Data\ Members.o   
Finished building target: Data Members
 
15:19:18 **** Incremental Build of configuration Debug for project Data Members ****
make all 
Building file: ../src/Cat.cpp
Invoking: Cross G++ Compiler
g++ -O0 -g3 -Wall -c -fmessage-length=0 -MMD -MP -MF"src/Cat.d" -MT"src/Cat.d" -o "src/Cat.o" "../src/Cat.cpp"
Finished building: ../src/Cat.cpp
 
Building file: ../src/Data Members.cpp
Invoking: Cross G++ Compiler
g++ -O0 -g3 -Wall -c -fmessage-length=0 -MMD -MP -MF"src/Data Members.d" -MT"src/Data\ Members.d" -o "src/Data Members.o" "../src/Data Members.cpp"
Finished building: ../src/Data Members.cpp
 
Building target: Data Members
Invoking: Cross G++ Linker
g++  -o "Data Members"  ./src/Cat.o ./src/Data\ Members.o   
Finished building target: Data Members
 
15:19:48 **** Incremental Build of configuration Debug for project Data Members ****
make all 
Building file: ../src/Data Members.cpp
Invoking: Cross G++ Compiler
g++ -O0 -g3 -Wall -c -fmessage-length=0 -MMD -MP -MF"src/Data Members.d" -MT"src/Data\ Members.d" -o "src/Data Members.o" "../src/Data Members.cpp"
Finished building: ../src/Data Members.cpp
 
Building target: Data Members
Invoking: Cross G++ Linker
g++  -o "Data Members"  ./src/Cat.o ./src/Data\ Members.o   
Finished building target: Data Members
 
15:23:17 **** Incremental Build of configuration Debug for project Data Members ****
make all 
Building file: ../src/Cat.cpp
Invoking: Cross G++ Compiler
g++ -O0 -g3 -Wall -c -fmessage-length=0 -MMD -MP -MF"src/Cat.d" -MT"src/Cat.d" -o "src/Cat.o" "../src/Cat.cpp"
Finished building: ../src/Cat.cpp
 
Building file: ../src/Data Members.cpp
Invoking: Cross G++ Compiler
g++ -O0 -g3 -Wall -c -fmessage-length=0 -MMD -MP -MF"src/Data Members.d" -MT"src/Data\ Members.d" -o "src/Data Members.o" "../src/Data Members.cpp"
../src/Data Members.cpp: In function ‘int main()’:
../src/Data Members.cpp:22:6: error: ‘class Cat’ has no member named ‘makeSad’
  jim.makeSad();
      ^
make: *** [src/Data Members.o] Error 1
src/subdir.mk:28: recipe for target 'src/Data Members.o' failed
15:25:40 **** Incremental Build of configuration Debug for project Data Members ****
make all 
Building file: ../src/Cat.cpp
Invoking: Cross G++ Compiler
g++ -O0 -g3 -Wall -c -fmessage-length=0 -MMD -MP -MF"src/Cat.d" -MT"src/Cat.d" -o "src/Cat.o" "../src/Cat.cpp"
Finished building: ../src/Cat.cpp
 
Building file: ../src/Data Members.cpp
Invoking: Cross G++ Compiler
g++ -O0 -g3 -Wall -c -fmessage-length=0 -MMD -MP -MF"src/Data Members.d" -MT"src/Data\ Members.d" -o "src/Data Members.o" "../src/Data Members.cpp"
Finished building: ../src/Data Members.cpp
 
Building target: Data Members
Invoking: Cross G++ Linker
g++  -o "Data Members"  ./src/Cat.o ./src/Data\ Members.o   
Finished building target: Data Members
 
15:34:26 **** Build of configuration Debug for project Constructor and Destructors ****
make all 
Building file: ../src/Cat.cpp
Invoking: Cross G++ Compiler
g++ -O0 -g3 -Wall -c -fmessage-length=0 -MMD -MP -MF"src/Cat.d" -MT"src/Cat.d" -o "src/Cat.o" "../src/Cat.cpp"
../src/Cat.cpp:12:10: error: definition of implicitly-declared ‘Cat::Cat()’
 Cat::Cat() {
          ^
src/subdir.mk:21: recipe for target 'src/Cat.o' failed
make: *** [src/Cat.o] Error 1
15:34:37 **** Incremental Build of configuration Debug for project Constructor and Destructors ****
make all 
Building file: ../src/Cat.cpp
Invoking: Cross G++ Compiler
g++ -O0 -g3 -Wall -c -fmessage-length=0 -MMD -MP -MF"src/Cat.d" -MT"src/Cat.d" -o "src/Cat.o" "../src/Cat.cpp"
../src/Cat.cpp:12:10: error: definition of implicitly-declared ‘Cat::Cat()’
 Cat::Cat() {
          ^
make: *** [src/Cat.o] Error 1
src/subdir.mk:21: recipe for target 'src/Cat.o' failed
15:35:53 **** Incremental Build of configuration Debug for project Constructor and Destructors ****
make all 
Building file: ../src/Cat.cpp
Invoking: Cross G++ Compiler
g++ -O0 -g3 -Wall -c -fmessage-length=0 -MMD -MP -MF"src/Cat.d" -MT"src/Cat.d" -o "src/Cat.o" "../src/Cat.cpp"
../src/Cat.cpp:12:10: error: definition of implicitly-declared ‘Cat::Cat()’
 Cat::Cat() {
          ^
make: *** [src/Cat.o] Error 1
src/subdir.mk:21: recipe for target 'src/Cat.o' failed
15:41:07 **** Incremental Build of configuration Debug for project Constructor and Destructors ****
make all 
Building file: ../src/Cat.cpp
Invoking: Cross G++ Compiler
g++ -O0 -g3 -Wall -c -fmessage-length=0 -MMD -MP -MF"src/Cat.d" -MT"src/Cat.d" -o "src/Cat.o" "../src/Cat.cpp"
Finished building: ../src/Cat.cpp
 
Building file: ../src/Constructor and Destructors.cpp
Invoking: Cross G++ Compiler
g++ -O0 -g3 -Wall -c -fmessage-length=0 -MMD -MP -MF"src/Constructor and Destructors.d" -MT"src/Constructor\ and\ Destructors.d" -o "src/Constructor and Destructors.o" "../src/Constructor and Destructors.cpp"
Finished building: ../src/Constructor and Destructors.cpp
 
Building target: Constructor and Destructors
Invoking: Cross G++ Linker
g++  -o "Constructor and Destructors"  ./src/Cat.o ./src/Constructor\ and\ Destructors.o   
Finished building target: Constructor and Destructors
 
15:41:10 **** Incremental Build of configuration Debug for project Constructor and Destructors ****
make all 
make: Nothing to be done for 'all'.
15:44:54 **** Incremental Build of configuration Debug for project Constructor and Destructors ****
make all 
Building file: ../src/Cat.cpp
Invoking: Cross G++ Compiler
g++ -O0 -g3 -Wall -c -fmessage-length=0 -MMD -MP -MF"src/Cat.d" -MT"src/Cat.d" -o "src/Cat.o" "../src/Cat.cpp"
Finished building: ../src/Cat.cpp
 
Building file: ../src/Constructor and Destructors.cpp
Invoking: Cross G++ Compiler
g++ -O0 -g3 -Wall -c -fmessage-length=0 -MMD -MP -MF"src/Constructor and Destructors.d" -MT"src/Constructor\ and\ Destructors.d" -o "src/Constructor and Destructors.o" "../src/Constructor and Destructors.cpp"
Finished building: ../src/Constructor and Destructors.cpp
 
Building target: Constructor and Destructors
Invoking: Cross G++ Linker
g++  -o "Constructor and Destructors"  ./src/Cat.o ./src/Constructor\ and\ Destructors.o   
Finished building target: Constructor and Destructors
 
15:48:02 **** Incremental Build of configuration Debug for project Constructor and Destructors ****
make all 
Building file: ../src/Constructor and Destructors.cpp
Invoking: Cross G++ Compiler
g++ -O0 -g3 -Wall -c -fmessage-length=0 -MMD -MP -MF"src/Constructor and Destructors.d" -MT"src/Constructor\ and\ Destructors.d" -o "src/Constructor and Destructors.o" "../src/Constructor and Destructors.cpp"
Finished building: ../src/Constructor and Destructors.cpp
 
Building target: Constructor and Destructors
Invoking: Cross G++ Linker
g++  -o "Constructor and Destructors"  ./src/Cat.o ./src/Constructor\ and\ Destructors.o   
Finished building target: Constructor and Destructors
 
15:51:57 **** Build of configuration Debug for project Getters and Setters ****
make all 
Building file: ../src/Getters and Setters.cpp
Invoking: Cross G++ Compiler
g++ -O0 -g3 -Wall -c -fmessage-length=0 -MMD -MP -MF"src/Getters and Setters.d" -MT"src/Getters\ and\ Setters.d" -o "src/Getters and Setters.o" "../src/Getters and Setters.cpp"
Finished building: ../src/Getters and Setters.cpp
 
Building target: Getters and Setters
Invoking: Cross G++ Linker
g++  -o "Getters and Setters"  ./src/Getters\ and\ Setters.o   
Finished building target: Getters and Setters
 
15:52:03 **** Incremental Build of configuration Debug for project Getters and Setters ****
make all 
make: Nothing to be done for 'all'.
15:56:44 **** Incremental Build of configuration Debug for project Getters and Setters ****
make all 
Building file: ../src/Getters and Setters.cpp
Invoking: Cross G++ Compiler
g++ -O0 -g3 -Wall -c -fmessage-length=0 -MMD -MP -MF"src/Getters and Setters.d" -MT"src/Getters\ and\ Setters.d" -o "src/Getters and Setters.o" "../src/Getters and Setters.cpp"
../src/Getters and Setters.cpp: In function ‘int main()’:
../src/Getters and Setters.cpp:13:2: error: ‘Person’ was not declared in this scope
  Person person;
  ^
src/subdir.mk:21: recipe for target 'src/Getters and Setters.o' failed
../src/Getters and Setters.cpp:14:10: error: ‘person’ was not declared in this scope
  cout << person.toString << endl;
          ^
make: *** [src/Getters and Setters.o] Error 1
15:57:24 **** Incremental Build of configuration Debug for project Getters and Setters ****
make all 
Building file: ../src/Getters and Setters.cpp
Invoking: Cross G++ Compiler
g++ -O0 -g3 -Wall -c -fmessage-length=0 -MMD -MP -MF"src/Getters and Setters.d" -MT"src/Getters\ and\ Setters.d" -o "src/Getters and Setters.o" "../src/Getters and Setters.cpp"
In file included from ../src/Getters and Setters.cpp:10:0:
../src/Person.h:20:18: error: expected ‘;’ at end of member declaration
  string toString()
                  ^
../src/Getters and Setters.cpp: In function ‘int main()’:
../src/Getters and Setters.cpp:15:17: error: invalid use of non-static member function
  cout << person.toString << endl;
                 ^
src/subdir.mk:21: recipe for target 'src/Getters and Setters.o' failed
make: *** [src/Getters and Setters.o] Error 1
15:58:04 **** Incremental Build of configuration Debug for project Getters and Setters ****
make all 
Building file: ../src/Getters and Setters.cpp
Invoking: Cross G++ Compiler
g++ -O0 -g3 -Wall -c -fmessage-length=0 -MMD -MP -MF"src/Getters and Setters.d" -MT"src/Getters\ and\ Setters.d" -o "src/Getters and Setters.o" "../src/Getters and Setters.cpp"
In file included from ../src/Getters and Setters.cpp:10:0:
../src/Person.h:20:18: error: expected ‘;’ at end of member declaration
  string toString()
                  ^
src/subdir.mk:21: recipe for target 'src/Getters and Setters.o' failed
make: *** [src/Getters and Setters.o] Error 1
15:58:27 **** Incremental Build of configuration Debug for project Getters and Setters ****
make all 
Building file: ../src/Getters and Setters.cpp
Invoking: Cross G++ Compiler
g++ -O0 -g3 -Wall -c -fmessage-length=0 -MMD -MP -MF"src/Getters and Setters.d" -MT"src/Getters\ and\ Setters.d" -o "src/Getters and Setters.o" "../src/Getters and Setters.cpp"
Finished building: ../src/Getters and Setters.cpp
 
Building file: ../src/Person.cpp
Invoking: Cross G++ Compiler
g++ -O0 -g3 -Wall -c -fmessage-length=0 -MMD -MP -MF"src/Person.d" -MT"src/Person.d" -o "src/Person.o" "../src/Person.cpp"
Finished building: ../src/Person.cpp
 
Building target: Getters and Setters
Invoking: Cross G++ Linker
g++  -o "Getters and Setters"  ./src/Getters\ and\ Setters.o ./src/Person.o   
Finished building target: Getters and Setters
 
16:00:52 **** Incremental Build of configuration Debug for project Getters and Setters ****
make all 
Building file: ../src/Getters and Setters.cpp
Invoking: Cross G++ Compiler
g++ -O0 -g3 -Wall -c -fmessage-length=0 -MMD -MP -MF"src/Getters and Setters.d" -MT"src/Getters\ and\ Setters.d" -o "src/Getters and Setters.o" "../src/Getters and Setters.cpp"
Finished building: ../src/Getters and Setters.cpp
 
Building file: ../src/Person.cpp
Invoking: Cross G++ Compiler
g++ -O0 -g3 -Wall -c -fmessage-length=0 -MMD -MP -MF"src/Person.d" -MT"src/Person.d" -o "src/Person.o" "../src/Person.cpp"
Finished building: ../src/Person.cpp
 
Building target: Getters and Setters
Invoking: Cross G++ Linker
g++  -o "Getters and Setters"  ./src/Getters\ and\ Setters.o ./src/Person.o   
Finished building target: Getters and Setters
 
16:02:51 **** Incremental Build of configuration Debug for project Getters and Setters ****
make all 
Building file: ../src/Getters and Setters.cpp
Invoking: Cross G++ Compiler
g++ -O0 -g3 -Wall -c -fmessage-length=0 -MMD -MP -MF"src/Getters and Setters.d" -MT"src/Getters\ and\ Setters.d" -o "src/Getters and Setters.o" "../src/Getters and Setters.cpp"
Finished building: ../src/Getters and Setters.cpp
 
Building file: ../src/Person.cpp
Invoking: Cross G++ Compiler
g++ -O0 -g3 -Wall -c -fmessage-length=0 -MMD -MP -MF"src/Person.d" -MT"src/Person.d" -o "src/Person.o" "../src/Person.cpp"
Finished building: ../src/Person.cpp
 
Building target: Getters and Setters
Invoking: Cross G++ Linker
g++  -o "Getters and Setters"  ./src/Getters\ and\ Setters.o ./src/Person.o   
Finished building target: Getters and Setters
 
